\BOOKMARK [1][-]{section.1}{Introduction}{}% 1
\BOOKMARK [1][-]{section.2}{Enum\351ration des polyominoes}{}% 2
\BOOKMARK [2][-]{subsection.2.1}{Algorithme Na\357f}{section.2}% 3
\BOOKMARK [3][-]{subsubsection.2.1.1}{Fixed Polyominoes}{subsection.2.1}% 4
\BOOKMARK [3][-]{subsubsection.2.1.2}{Free Polyominoes}{subsection.2.1}% 5
\BOOKMARK [2][-]{subsection.2.2}{Algorithme de Redelmeier}{section.2}% 6
\BOOKMARK [2][-]{subsection.2.3}{Dessination de Polyomino}{section.2}% 7
\BOOKMARK [2][-]{subsection.2.4}{Comparaison}{section.2}% 8
\BOOKMARK [3][-]{subsubsection.2.4.1}{Vitesse de l'\351num\351ration}{subsection.2.4}% 9
\BOOKMARK [3][-]{subsubsection.2.4.2}{Efficacit\351 au m\351moire}{subsection.2.4}% 10
\BOOKMARK [3][-]{subsubsection.2.4.3}{Facilit\351 aux questions suivantes}{subsection.2.4}% 11
\BOOKMARK [1][-]{section.3}{Couverture Exacte}{}% 12
\BOOKMARK [2][-]{subsection.3.1}{Question 4}{section.3}% 13
\BOOKMARK [3][-]{subsubsection.3.1.1}{Impl\351mentation de l'algorithme}{subsection.3.1}% 14
\BOOKMARK [3][-]{subsubsection.3.1.2}{R\351sultats}{subsection.3.1}% 15
\BOOKMARK [2][-]{subsection.3.2}{Question 5 \046 6}{section.3}% 16
\BOOKMARK [3][-]{subsubsection.3.2.1}{Impl\351mentation de l'algorithme}{subsection.3.2}% 17
\BOOKMARK [3][-]{subsubsection.3.2.2}{R\351sultats}{subsection.3.2}% 18
\BOOKMARK [2][-]{subsection.3.3}{Question 7}{section.3}% 19
\BOOKMARK [3][-]{subsubsection.3.3.1}{Transformer un probl\350me de carrelage en un probl\350me de la couverture exacte }{subsection.3.3}% 20
\BOOKMARK [3][-]{subsubsection.3.3.2}{N'utiliser chaque polyomino qu'une fois}{subsection.3.3}% 21
\BOOKMARK [2][-]{subsection.3.4}{Question 8}{section.3}% 22
\BOOKMARK [3][-]{subsubsection.3.4.1}{Quand P n'est pas un rectangle}{subsection.3.4}% 23
\BOOKMARK [3][-]{subsubsection.3.4.2}{R\351ponses aux questions}{subsection.3.4}% 24
\BOOKMARK [2][-]{subsection.3.5}{Question 10}{section.3}% 25
\BOOKMARK [2][-]{subsection.3.6}{Question 11}{section.3}% 26
\BOOKMARK [1][-]{section.4}{Conclusion}{}% 27
